A51 MACRO ASSEMBLER  IDENTITY                                                             02/19/2007 12:06:37 PAGE     1


MACRO ASSEMBLER A51 V8.00
OBJECT MODULE PLACED IN identity.OBJ
ASSEMBLER INVOKED BY: C:\Keil\C51\BIN\A51.EXE identity.asm INCDIR(..\..\Common_Ez_Z8) SET(SMALL) EP

LOC  OBJ            LINE     SOURCE

                       1     ;$include (..\Common_Ez_Z8\identity_inc.asm)
  0001          +1     2     FW_VERSION              EQU     1
  0000          +1     3     FW_SUB_VERSION  EQU             0
  0001          +1     4     HW_VERSION              EQU             1
  0000          +1     5     HW_SUB_VERSION  EQU             0
  0007          +1     6     MANUF_YEAR              EQU             7
  0001          +1     7     MANUF_MONTH             EQU             1
  0000          +1     8     SERIAL_4                EQU             0       ; Unique serial number msb
  0000          +1     9     SERIAL_3                EQU             0       ; Unique serial number
  0000          +1    10     SERIAL_2                EQU             0       ; Unique serial number 
  0000          +1    11     SERIAL_1                EQU             0       ; Unique serial number 
  0000          +1    12     SERIAL_0                EQU             0       ; Unique serial number lsb
                +1    13     
                +1    14     ;PUBLIC FW_VERSION,FW_SUB_VERSION,HW_VERSION,HW_SUB_VERSION,MANUF_YEAR,MANUF_MONTH,SERIAL_4
                             ,SERIAL_3,SERIAL_2,SERIAL_1,SERIAL_0
                +1    15     ;END
                +1    16     
                +1    17     ;?CO?IDENTITY(00080h)
                +1    18     
                      19     
                      20     public identity
                      21     
                      22     
                      23     ; In reality, serial number will start at 0x87 since the hex2bix tool from cypress will add
                              0x7 bytes at the begining of the eeprom
                      24     
----                  25     CSEG    AT 80H
0080 01000100         26     identity: DB FW_VERSION,FW_SUB_VERSION,HW_VERSION,HW_SUB_VERSION,MANUF_YEAR,MANUF_MONTH,SER
                             IAL_4,SERIAL_3,SERIAL_2,SERIAL_1,SERIAL_0
0084 07010000                
0088 000000                  
                      27     END
A51 MACRO ASSEMBLER  IDENTITY                                                             02/19/2007 12:06:37 PAGE     2

SYMBOL TABLE LISTING
------ ----- -------


N A M E             T Y P E  V A L U E   ATTRIBUTES

FW_SUB_VERSION . .  N NUMB   0000H   A   
FW_VERSION . . . .  N NUMB   0001H   A   
HW_SUB_VERSION . .  N NUMB   0000H   A   
HW_VERSION . . . .  N NUMB   0001H   A   
IDENTITY . . . . .  C ADDR   0080H   A   
MANUF_MONTH. . . .  N NUMB   0001H   A   
MANUF_YEAR . . . .  N NUMB   0007H   A   
SERIAL_0 . . . . .  N NUMB   0000H   A   
SERIAL_1 . . . . .  N NUMB   0000H   A   
SERIAL_2 . . . . .  N NUMB   0000H   A   
SERIAL_3 . . . . .  N NUMB   0000H   A   
SERIAL_4 . . . . .  N NUMB   0000H   A   


REGISTER BANK(S) USED: 0 


ASSEMBLY COMPLETE.  0 WARNING(S), 0 ERROR(S)
